SF:lib\data\models\user_model.dart
DA:8,3
DA:16,6
DA:17,3
DA:18,3
DA:19,3
DA:20,3
LF:6
LH:6
end_of_record
SF:lib\presentation\viewmodels\bloc\auth_state.dart
DA:2,3
DA:6,2
DA:10,2
DA:15,2
DA:17,3
DA:18,3
DA:23,2
LF:7
LH:7
end_of_record
SF:lib\presentation\viewmodels\cubit\auth_cubit.dart
DA:9,1
DA:10,0
DA:11,1
DA:13,1
DA:14,1
DA:17,2
DA:18,2
DA:20,3
DA:24,1
DA:25,1
LF:10
LH:9
end_of_record
SF:lib\services\auth\auth_service.dart
DA:5,2
DA:6,2
DA:8,4
DA:9,10
DA:10,4
DA:13,2
DA:14,2
DA:15,6
LF:8
LH:8
end_of_record
SF:lib\data\repositories\mock\mock_database.dart
DA:5,6
DA:6,2
DA:13,2
DA:20,2
DA:29,4
LF:5
LH:5
end_of_record
