SF:lib\data\models\session_model.dart
DA:10,2
DA:21,2
DA:22,2
DA:23,2
DA:24,2
DA:25,2
DA:26,4
DA:27,2
DA:28,2
DA:29,4
LF:10
LH:10
end_of_record
SF:lib\data\models\user_model.dart
DA:8,3
DA:16,6
DA:17,3
DA:18,3
DA:19,3
DA:20,3
LF:6
LH:6
end_of_record
SF:lib\data\repositories\mock\mock_database.dart
DA:5,6
DA:6,2
DA:13,2
DA:20,2
DA:29,4
LF:5
LH:5
end_of_record
SF:lib\presentation\viewmodels\bloc\auth_state.dart
DA:2,5
DA:6,4
DA:10,4
DA:15,2
DA:17,3
DA:18,3
DA:23,2
LF:7
LH:7
end_of_record
SF:lib\presentation\viewmodels\cubit\auth_cubit.dart
DA:9,1
DA:11,0
DA:12,1
DA:14,1
DA:15,1
DA:18,2
DA:19,2
DA:21,3
DA:25,1
DA:26,1
LF:10
LH:9
end_of_record
SF:lib\services\auth\auth_service.dart
DA:5,2
DA:6,2
DA:8,4
DA:9,10
DA:10,4
DA:13,2
DA:14,2
DA:15,6
LF:8
LH:8
end_of_record
SF:lib\data\repositories\sessions_repository.dart
DA:9,1
DA:11,1
DA:13,5
DA:14,2
DA:15,2
DA:16,4
DA:17,2
DA:18,1
DA:19,2
DA:20,1
DA:22,3
DA:25,2
LF:12
LH:12
end_of_record
